  [1m[36m (151.9ms)[0m  [1mCREATE TABLE "schema_migrations" ("version" varchar(255) NOT NULL) [0m
  [1m[35m (0.1ms)[0m  select sqlite_version(*)
  [1m[36m (99.2ms)[0m  [1mCREATE UNIQUE INDEX "unique_schema_migrations" ON "schema_migrations" ("version")[0m
  [1m[35mActiveRecord::SchemaMigration Load (0.1ms)[0m  SELECT "schema_migrations".* FROM "schema_migrations"
Migrating to CreateEvents (20121121153536)
  [1m[36m (0.0ms)[0m  [1mbegin transaction[0m
  [1m[35m (0.2ms)[0m  CREATE TABLE "events" ("id" INTEGER PRIMARY KEY AUTOINCREMENT NOT NULL, "name" varchar(255), "location" varchar(255), "price" decimal, "created_at" datetime, "updated_at" datetime) 
  [1m[36mSQL (0.1ms)[0m  [1mINSERT INTO "schema_migrations" ("version") VALUES (?)[0m  [["version", "20121121153536"]]
  [1m[35m (103.9ms)[0m  commit transaction
Migrating to AddFieldsToEvents (20121121175436)
  [1m[36m (0.1ms)[0m  [1mbegin transaction[0m
  [1m[35m (0.2ms)[0m  ALTER TABLE "events" ADD "starts_at" datetime
  [1m[36m (0.1ms)[0m  [1mALTER TABLE "events" ADD "description" text[0m
  [1m[35mSQL (0.1ms)[0m  INSERT INTO "schema_migrations" ("version") VALUES (?)  [["version", "20121121175436"]]
  [1m[36m (70.2ms)[0m  [1mcommit transaction[0m
Migrating to AddImageFileAndCapacityToEvents (20121210230623)
  [1m[35m (0.1ms)[0m  begin transaction
  [1m[36m (0.2ms)[0m  [1mALTER TABLE "events" ADD "image_file_name" varchar(255)[0m
  [1m[35m (0.1ms)[0m  ALTER TABLE "events" ADD "capacity" integer DEFAULT 1
  [1m[36mSQL (0.1ms)[0m  [1mINSERT INTO "schema_migrations" ("version") VALUES (?)[0m  [["version", "20121210230623"]]
  [1m[35m (62.8ms)[0m  commit transaction
  [1m[36mActiveRecord::SchemaMigration Load (0.1ms)[0m  [1mSELECT "schema_migrations".* FROM "schema_migrations"[0m
  [1m[36mActiveRecord::SchemaMigration Load (0.1ms)[0m  [1mSELECT "schema_migrations".* FROM "schema_migrations"[0m
  [1m[35m (0.1ms)[0m  begin transaction
  [1m[36mSQL (0.2ms)[0m  [1mINSERT INTO "events" ("capacity", "created_at", "description", "image_file_name", "location", "name", "price", "starts_at", "updated_at") VALUES (?, ?, ?, ?, ?, ?, ?, ?, ?)[0m  [["capacity", 75], ["created_at", "2015-07-10 01:25:02.118818"], ["description", "Join us for a fun evening of bug smashing! It's a great way to get involved in open source projects whether you're reporting bugs, fixing bugs, or even inadvertently creating a few bugs!"], ["image_file_name", "bugsmash.png"], ["location", "Wynkoop in LoDo, Denver, CO"], ["name", "BugSmash"], ["price", 0.0], ["starts_at", "2015-10-18 01:25:02.109763"], ["updated_at", "2015-07-10 01:25:02.118818"]]
  [1m[35m (89.5ms)[0m  commit transaction
  [1m[36m (0.1ms)[0m  [1mbegin transaction[0m
  [1m[35mSQL (0.1ms)[0m  INSERT INTO "events" ("capacity", "created_at", "description", "image_file_name", "location", "name", "price", "starts_at", "updated_at") VALUES (?, ?, ?, ?, ?, ?, ?, ?, ?)  [["capacity", 100], ["created_at", "2015-07-10 01:25:02.211715"], ["description", "Got a killer app idea you've been itching to work on? Hunker down at the Hackathon! This is an intense, focused day of hacking on anything you want. The entry fee goes toward a bounty of cash and prizes for winners in a variety of categories."], ["image_file_name", "hackathon.png"], ["location", "Buffalo Billiards, Austin, TX"], ["name", "Hackathon"], ["price", 15.0], ["starts_at", "2015-11-07 01:25:02.109958"], ["updated_at", "2015-07-10 01:25:02.211715"]]
  [1m[36m (64.4ms)[0m  [1mcommit transaction[0m
  [1m[35m (0.1ms)[0m  begin transaction
  [1m[36mSQL (0.1ms)[0m  [1mINSERT INTO "events" ("capacity", "created_at", "description", "image_file_name", "location", "name", "price", "starts_at", "updated_at") VALUES (?, ?, ?, ?, ?, ?, ?, ?, ?)[0m  [["capacity", 50], ["created_at", "2015-07-10 01:25:02.277859"], ["description", "Kata Camp is where developers go to practice their craft without the interruptions of a typical project. Forget about having to actually ship something. Tell your manager you're going to Kata Camp for the day! Price includes a buffet lunch and a leather-bound journal to record your kata achievements."], ["image_file_name", "katacamp.png"], ["location", "Double R Ranch, Dallas, TX"], ["name", "Kata Camp"], ["price", 75.0], ["starts_at", "2015-12-07 01:25:02.110334"], ["updated_at", "2015-07-10 01:25:02.277859"]]
  [1m[35m (117.0ms)[0m  commit transaction
  [1m[36m (0.1ms)[0m  [1mbegin transaction[0m
  [1m[35mSQL (0.1ms)[0m  INSERT INTO "events" ("capacity", "created_at", "description", "image_file_name", "location", "name", "price", "starts_at", "updated_at") VALUES (?, ?, ?, ?, ?, ?, ?, ?, ?)  [["capacity", 15], ["created_at", "2015-07-10 01:25:02.396878"], ["description", "Start your day off right with a good cup of Joe while you sling some code. By the time you hit the office, you'll be all tuned up!"], ["image_file_name", "coffeecode.png"], ["location", "Stumptown Coffee, Portland, OR"], ["name", "Coffee and Code"], ["price", 0.0], ["starts_at", "2015-12-27 01:25:02.110434"], ["updated_at", "2015-07-10 01:25:02.396878"]]
  [1m[36m (67.4ms)[0m  [1mcommit transaction[0m
  [1m[35m (0.0ms)[0m  begin transaction
  [1m[36mSQL (0.1ms)[0m  [1mINSERT INTO "events" ("capacity", "created_at", "description", "image_file_name", "location", "name", "price", "starts_at", "updated_at") VALUES (?, ?, ?, ?, ?, ?, ?, ?, ?)[0m  [["capacity", 150], ["created_at", "2015-07-10 01:25:02.465734"], ["description", "Brew up the tastiest Mac app and win! Entry fee includes a stylish apron."], ["image_file_name", "cocoacookoff.png"], ["location", "1 Infinite Loop, Cupertino, CA"], ["name", "Cocoa Cook-off"], ["price", 25.0], ["starts_at", "2016-01-06 01:25:02.110493"], ["updated_at", "2015-07-10 01:25:02.465734"]]
  [1m[35m (76.3ms)[0m  commit transaction
  [1m[36m (0.1ms)[0m  [1mbegin transaction[0m
  [1m[35mSQL (0.1ms)[0m  INSERT INTO "events" ("capacity", "created_at", "description", "image_file_name", "location", "name", "price", "starts_at", "updated_at") VALUES (?, ?, ?, ?, ?, ?, ?, ?, ?)  [["capacity", 200], ["created_at", "2015-07-10 01:25:02.543564"], ["description", "Join us for a non-stop evening of Muppet mania! We'll watch all the hits (and flops), starting with the classics from back in the day and ending with the latest release."], ["image_file_name", "moviemarathon.png"], ["location", "Disney Theatre, Orlando, FL"], ["name", "Muppets Movie Marathon"], ["price", 15.0], ["starts_at", "2016-01-16 01:25:02.110542"], ["updated_at", "2015-07-10 01:25:02.543564"]]
  [1m[36m (107.6ms)[0m  [1mcommit transaction[0m
  [1m[35m (0.1ms)[0m  begin transaction
  [1m[36mSQL (0.1ms)[0m  [1mINSERT INTO "events" ("capacity", "created_at", "description", "image_file_name", "location", "name", "price", "starts_at", "updated_at") VALUES (?, ?, ?, ?, ?, ?, ?, ?, ?)[0m  [["capacity", 75], ["created_at", "2015-07-10 01:25:02.653132"], ["description", "Come sing along with your favorite country band in Music City! Cover charge includes a confidence-boosting beverage of your choice and entry into the YeeHaw Yodelin' contest."], ["image_file_name", "karaoke.png"], ["location", "Hokey Pokey Saloon, Nashville, TN"], ["name", "Hokey Karaoke"], ["price", 25.0], ["starts_at", "2016-01-26 01:25:02.110605"], ["updated_at", "2015-07-10 01:25:02.653132"]]
  [1m[35m (76.9ms)[0m  commit transaction
  [1m[36m (0.1ms)[0m  [1mbegin transaction[0m
  [1m[35mSQL (0.1ms)[0m  INSERT INTO "events" ("capacity", "created_at", "description", "image_file_name", "location", "name", "price", "starts_at", "updated_at") VALUES (?, ?, ?, ?, ?, ?, ?, ?, ?)  [["capacity", 30], ["created_at", "2015-07-10 01:25:02.731772"], ["description", "Come meet local Rails developers and enjoy a technical talk by a local celebrity. This week's topic is a comparison of testing frameworks, templating systems, and whether to use tabs or spaces."], ["image_file_name", "placeholder.png"], ["location", "Reston, VA"], ["name", "Rails User Group"], ["price", 0.0], ["starts_at", "2015-07-08 01:25:02.110667"], ["updated_at", "2015-07-10 01:25:02.731772"]]
  [1m[36m (59.3ms)[0m  [1mcommit transaction[0m
  [1m[36m (126.9ms)[0m  [1mCREATE TABLE "events" ("id" INTEGER PRIMARY KEY AUTOINCREMENT NOT NULL, "name" varchar(255), "location" varchar(255), "price" decimal, "created_at" datetime, "updated_at" datetime, "starts_at" datetime, "description" text, "image_file_name" varchar(255), "capacity" integer DEFAULT 1) [0m
  [1m[35m (84.0ms)[0m  CREATE TABLE "schema_migrations" ("version" varchar(255) NOT NULL) 
  [1m[36m (0.1ms)[0m  [1mselect sqlite_version(*)[0m
  [1m[35m (88.5ms)[0m  CREATE UNIQUE INDEX "unique_schema_migrations" ON "schema_migrations" ("version")
  [1m[36m (0.1ms)[0m  [1mSELECT version FROM "schema_migrations"[0m
  [1m[35m (71.2ms)[0m  INSERT INTO "schema_migrations" (version) VALUES ('20121210230623')
  [1m[36m (66.3ms)[0m  [1mINSERT INTO "schema_migrations" (version) VALUES ('20121121153536')[0m
  [1m[35m (77.3ms)[0m  INSERT INTO "schema_migrations" (version) VALUES ('20121121175436')


Started GET "/" for 127.0.0.1 at 2015-07-09 21:26:48 -0400
  [1m[36mActiveRecord::SchemaMigration Load (0.1ms)[0m  [1mSELECT "schema_migrations".* FROM "schema_migrations"[0m
Processing by EventsController#index as HTML
  [1m[35mEvent Load (0.2ms)[0m  SELECT "events".* FROM "events"  WHERE (starts_at >= '2015-07-10 01:26:48.687891')  ORDER BY "events"."starts_at" ASC
  Rendered events/index.html.erb within layouts/application (31.4ms)
  Rendered layouts/_header.html.erb (0.3ms)
  Rendered layouts/_sidebar.html.erb (0.4ms)
  Rendered layouts/_footer.html.erb (0.2ms)
Completed 200 OK in 583ms (Views: 573.9ms | ActiveRecord: 0.4ms)


Started GET "/assets/application.css?body=1" for 127.0.0.1 at 2015-07-09 21:26:49 -0400


Started GET "/assets/normalize.css?body=1" for 127.0.0.1 at 2015-07-09 21:26:49 -0400


Started GET "/assets/buttons.css?body=1" for 127.0.0.1 at 2015-07-09 21:26:49 -0400


Started GET "/assets/events.css?body=1" for 127.0.0.1 at 2015-07-09 21:26:49 -0400


Started GET "/assets/layout.css?body=1" for 127.0.0.1 at 2015-07-09 21:26:49 -0400


Started GET "/assets/elements.css?body=1" for 127.0.0.1 at 2015-07-09 21:26:49 -0400


Started GET "/assets/forms.css?body=1" for 127.0.0.1 at 2015-07-09 21:26:49 -0400


Started GET "/assets/jquery.js?body=1" for 127.0.0.1 at 2015-07-09 21:26:49 -0400


Started GET "/assets/jquery_ujs.js?body=1" for 127.0.0.1 at 2015-07-09 21:26:49 -0400


Started GET "/assets/turbolinks.js?body=1" for 127.0.0.1 at 2015-07-09 21:26:49 -0400


Started GET "/assets/events.js?body=1" for 127.0.0.1 at 2015-07-09 21:26:49 -0400


Started GET "/assets/application.js?body=1" for 127.0.0.1 at 2015-07-09 21:26:49 -0400


Started GET "/assets/bugsmash.png" for 127.0.0.1 at 2015-07-09 21:26:49 -0400


Started GET "/assets/katacamp.png" for 127.0.0.1 at 2015-07-09 21:26:49 -0400


Started GET "/assets/hackathon.png" for 127.0.0.1 at 2015-07-09 21:26:49 -0400


Started GET "/assets/karaoke.png" for 127.0.0.1 at 2015-07-09 21:26:49 -0400


Started GET "/assets/moviemarathon.png" for 127.0.0.1 at 2015-07-09 21:26:49 -0400


Started GET "/assets/coffeecode.png" for 127.0.0.1 at 2015-07-09 21:26:49 -0400


Started GET "/assets/cocoacookoff.png" for 127.0.0.1 at 2015-07-09 21:26:49 -0400


Started GET "/assets/background.jpg" for 127.0.0.1 at 2015-07-09 21:26:49 -0400


Started GET "/assets/logo.png" for 127.0.0.1 at 2015-07-09 21:26:49 -0400


Started GET "/assets/arrow.png" for 127.0.0.1 at 2015-07-09 21:26:49 -0400


Started GET "/assets/add.png" for 127.0.0.1 at 2015-07-09 21:26:49 -0400


Started GET "/events/5" for 127.0.0.1 at 2015-07-09 21:26:53 -0400
Processing by EventsController#show as HTML
  Parameters: {"id"=>"5"}
  [1m[36mEvent Load (0.2ms)[0m  [1mSELECT  "events".* FROM "events"  WHERE "events"."id" = ? LIMIT 1[0m  [["id", 5]]
  Rendered events/show.html.erb within layouts/application (1.5ms)
  Rendered layouts/_header.html.erb (0.4ms)
  Rendered layouts/_sidebar.html.erb (0.4ms)
  Rendered layouts/_footer.html.erb (0.2ms)
Completed 200 OK in 36ms (Views: 34.4ms | ActiveRecord: 0.2ms)


Started GET "/events/new" for 127.0.0.1 at 2015-07-09 21:26:55 -0400
Processing by EventsController#new as HTML
  Rendered events/_form.html.erb (12.0ms)
  Rendered events/new.html.erb within layouts/application (12.9ms)
  Rendered layouts/_header.html.erb (0.1ms)
  Rendered layouts/_sidebar.html.erb (0.1ms)
  Rendered layouts/_footer.html.erb (0.0ms)
Completed 200 OK in 42ms (Views: 41.9ms | ActiveRecord: 0.0ms)
  [1m[36m (0.5ms)[0m  [1mbegin transaction[0m
  [1m[35m (0.0ms)[0m  rollback transaction
